Determining if the pthread_create exist failed with the following output:
Change Dir: /home/quantum/Phoenix-Linux-SocketCAN-Example/bin/CMakeFiles/CMakeTmp

Run Build Command:"/usr/bin/make" "cmTC_64fe2/fast"
/usr/bin/make -f CMakeFiles/cmTC_64fe2.dir/build.make CMakeFiles/cmTC_64fe2.dir/build
make[1]: Entering directory '/home/quantum/Phoenix-Linux-SocketCAN-Example/bin/CMakeFiles/CMakeTmp'
Building C object CMakeFiles/cmTC_64fe2.dir/CheckSymbolExists.c.o
/usr/bin/cc    -o CMakeFiles/cmTC_64fe2.dir/CheckSymbolExists.c.o   -c /home/quantum/Phoenix-Linux-SocketCAN-Example/bin/CMakeFiles/CMakeTmp/CheckSymbolExists.c
Linking C executable cmTC_64fe2
/usr/bin/cmake -E cmake_link_script CMakeFiles/cmTC_64fe2.dir/link.txt --verbose=1
/usr/bin/cc      -rdynamic CMakeFiles/cmTC_64fe2.dir/CheckSymbolExists.c.o  -o cmTC_64fe2 
CMakeFiles/cmTC_64fe2.dir/CheckSymbolExists.c.o: In function `main':
CheckSymbolExists.c:(.text+0x14): undefined reference to `pthread_create'
CheckSymbolExists.c:(.text+0x18): undefined reference to `pthread_create'
collect2: error: ld returned 1 exit status
CMakeFiles/cmTC_64fe2.dir/build.make:97: recipe for target 'cmTC_64fe2' failed
make[1]: *** [cmTC_64fe2] Error 1
make[1]: Leaving directory '/home/quantum/Phoenix-Linux-SocketCAN-Example/bin/CMakeFiles/CMakeTmp'
Makefile:126: recipe for target 'cmTC_64fe2/fast' failed
make: *** [cmTC_64fe2/fast] Error 2

File /home/quantum/Phoenix-Linux-SocketCAN-Example/bin/CMakeFiles/CMakeTmp/CheckSymbolExists.c:
/* */
#include <pthread.h>

int main(int argc, char** argv)
{
  (void)argv;
#ifndef pthread_create
  return ((int*)(&pthread_create))[argc];
#else
  (void)argc;
  return 0;
#endif
}

Determining if the pthread_create exist failed with the following output:
Change Dir: /home/quantum/Phoenix-Linux-SocketCAN-Example/bin/CMakeFiles/CMakeTmp

Run Build Command:"/usr/bin/make" "cmTC_a8faa/fast"
make[1]: Entering directory '/home/quantum/Phoenix-Linux-SocketCAN-Example/bin/CMakeFiles/CMakeTmp'
/usr/bin/make -f CMakeFiles/cmTC_a8faa.dir/build.make CMakeFiles/cmTC_a8faa.dir/build
make[2]: Entering directory '/home/quantum/Phoenix-Linux-SocketCAN-Example/bin/CMakeFiles/CMakeTmp'
Building C object CMakeFiles/cmTC_a8faa.dir/CheckSymbolExists.c.o
/usr/bin/cc    -o CMakeFiles/cmTC_a8faa.dir/CheckSymbolExists.c.o   -c /home/quantum/Phoenix-Linux-SocketCAN-Example/bin/CMakeFiles/CMakeTmp/CheckSymbolExists.c
Linking C executable cmTC_a8faa
/usr/bin/cmake -E cmake_link_script CMakeFiles/cmTC_a8faa.dir/link.txt --verbose=1
/usr/bin/cc      -rdynamic CMakeFiles/cmTC_a8faa.dir/CheckSymbolExists.c.o  -o cmTC_a8faa 
CMakeFiles/cmTC_a8faa.dir/CheckSymbolExists.c.o: In function `main':
CheckSymbolExists.c:(.text+0x14): undefined reference to `pthread_create'
CheckSymbolExists.c:(.text+0x18): undefined reference to `pthread_create'
collect2: error: ld returned 1 exit status
CMakeFiles/cmTC_a8faa.dir/build.make:97: recipe for target 'cmTC_a8faa' failed
make[2]: *** [cmTC_a8faa] Error 1
make[2]: Leaving directory '/home/quantum/Phoenix-Linux-SocketCAN-Example/bin/CMakeFiles/CMakeTmp'
Makefile:126: recipe for target 'cmTC_a8faa/fast' failed
make[1]: *** [cmTC_a8faa/fast] Error 2
make[1]: Leaving directory '/home/quantum/Phoenix-Linux-SocketCAN-Example/bin/CMakeFiles/CMakeTmp'

File /home/quantum/Phoenix-Linux-SocketCAN-Example/bin/CMakeFiles/CMakeTmp/CheckSymbolExists.c:
/* */
#include <pthread.h>

int main(int argc, char** argv)
{
  (void)argv;
#ifndef pthread_create
  return ((int*)(&pthread_create))[argc];
#else
  (void)argc;
  return 0;
#endif
}

