Determining if the include file pthread.h exists passed with the following output:
Change Dir: /home/quantum/Phoenix-Linux-SocketCAN-Example/bin/CMakeFiles/CMakeTmp

Run Build Command:"/usr/bin/make" "cmTC_66520/fast"
/usr/bin/make -f CMakeFiles/cmTC_66520.dir/build.make CMakeFiles/cmTC_66520.dir/build
make[1]: Entering directory '/home/quantum/Phoenix-Linux-SocketCAN-Example/bin/CMakeFiles/CMakeTmp'
Building C object CMakeFiles/cmTC_66520.dir/CheckIncludeFile.c.o
/usr/bin/cc    -o CMakeFiles/cmTC_66520.dir/CheckIncludeFile.c.o   -c /home/quantum/Phoenix-Linux-SocketCAN-Example/bin/CMakeFiles/CMakeTmp/CheckIncludeFile.c
Linking C executable cmTC_66520
/usr/bin/cmake -E cmake_link_script CMakeFiles/cmTC_66520.dir/link.txt --verbose=1
/usr/bin/cc      -rdynamic CMakeFiles/cmTC_66520.dir/CheckIncludeFile.c.o  -o cmTC_66520 
make[1]: Leaving directory '/home/quantum/Phoenix-Linux-SocketCAN-Example/bin/CMakeFiles/CMakeTmp'


Determining if the include file pthread.h exists passed with the following output:
Change Dir: /home/quantum/Phoenix-Linux-SocketCAN-Example/bin/CMakeFiles/CMakeTmp

Run Build Command:"/usr/bin/make" "cmTC_4e01a/fast"
make[1]: Entering directory '/home/quantum/Phoenix-Linux-SocketCAN-Example/bin/CMakeFiles/CMakeTmp'
/usr/bin/make -f CMakeFiles/cmTC_4e01a.dir/build.make CMakeFiles/cmTC_4e01a.dir/build
make[2]: Entering directory '/home/quantum/Phoenix-Linux-SocketCAN-Example/bin/CMakeFiles/CMakeTmp'
Building C object CMakeFiles/cmTC_4e01a.dir/CheckIncludeFile.c.o
/usr/bin/cc    -o CMakeFiles/cmTC_4e01a.dir/CheckIncludeFile.c.o   -c /home/quantum/Phoenix-Linux-SocketCAN-Example/bin/CMakeFiles/CMakeTmp/CheckIncludeFile.c
Linking C executable cmTC_4e01a
/usr/bin/cmake -E cmake_link_script CMakeFiles/cmTC_4e01a.dir/link.txt --verbose=1
/usr/bin/cc      -rdynamic CMakeFiles/cmTC_4e01a.dir/CheckIncludeFile.c.o  -o cmTC_4e01a 
make[2]: Leaving directory '/home/quantum/Phoenix-Linux-SocketCAN-Example/bin/CMakeFiles/CMakeTmp'
make[1]: Leaving directory '/home/quantum/Phoenix-Linux-SocketCAN-Example/bin/CMakeFiles/CMakeTmp'


